<?xml version="1.0" encoding="UTF-8"?>
<!-- Generated by org.testng.reporters.JUnitReportReporter -->
<testsuite hostname="Mahesh" name="myPack.Venky" tests="6" failures="0" timestamp="21 Sep 2020 13:16:54 GMT" time="38.006" errors="0">
  <testcase name="editEmp" time="0.000" classname="myPack.Venky"/>
  <testcase name="addCompany" time="0.010" classname="myPack.Venky"/>
  <testcase name="verifyLogin" time="6.870" classname="myPack.Venky"/>
  <testcase name="addEmp" time="31.126" classname="myPack.Venky"/>
  <testcase name="editCompany" time="0.000" classname="myPack.Venky"/>
  <testcase name="deleteEmp" time="0.000" classname="myPack.Venky"/>
</testsuite> <!-- myPack.Venky -->
